This file contains any messages produced by compilers while
running configure, to aid debugging if configure makes a mistake.

It was created by Bap configure 0.8, which was
generated by GNU Autoconf 2.68.  Invocation command line was

  $ ./configure 

## --------- ##
## Platform. ##
## --------- ##

hostname = bambool-VirtualBox
uname -m = i686
uname -r = 3.13.0-32-generic
uname -s = Linux
uname -v = #57~precise1-Ubuntu SMP Tue Jul 15 03:50:54 UTC 2014

/usr/bin/uname -p = unknown
/bin/uname -X     = unknown

/bin/arch              = unknown
/usr/bin/arch -k       = unknown
/usr/convex/getsysinfo = unknown
/usr/bin/hostinfo      = unknown
/bin/machine           = unknown
/usr/bin/oslevel       = unknown
/bin/universe          = unknown

PATH: /home/bambool/.opam/3.12.1/bin
PATH: /home/bambool/ocamlbrew/ocaml-svn/release/4.00.1/bin
PATH: /home/bambool/ocamlbrew/ocaml-svn/release/3.12.1/bin
PATH: /home/bambool/ocamlbrew/ocaml-svn/release/3.12.1/bin
PATH: /opt/glibc-2.17/bin/
PATH: /home/bambool/ocamlbrew/ocaml-svn/release/3.12.1/bin
PATH: /home/bambool/ocamlbrew/ocaml-svn/release/3.12.1/bin
PATH: /home/bambool/ocamlbrew/ocaml-svn/release/3.12.1/bin
PATH: /home/bambool/ocamlbrew/ocaml-svn/release/3.12.1/bin
PATH: /usr/lib/lightdm/lightdm
PATH: /usr/local/sbin
PATH: /usr/local/bin
PATH: /usr/sbin
PATH: /usr/bin
PATH: /sbin
PATH: /bin
PATH: /usr/games


## ----------- ##
## Core tests. ##
## ----------- ##

configure:2503: checking for a BSD-compatible install
configure:2571: result: /usr/bin/install -c
configure:2582: checking whether build environment is sane
configure:2632: result: yes
configure:2773: checking for a thread-safe mkdir -p
configure:2812: result: /bin/mkdir -p
configure:2825: checking for gawk
configure:2841: found /usr/bin/gawk
configure:2852: result: gawk
configure:2863: checking whether make sets $(MAKE)
configure:2885: result: yes
configure:3244: checking for g++
configure:3260: found /usr/bin/g++
configure:3271: result: g++
configure:3298: checking for C++ compiler version
configure:3307: g++ --version >&5
g++ (Ubuntu 4.9.4-2ubuntu1~12.04) 4.9.4
Copyright (C) 2015 Free Software Foundation, Inc.
This is free software; see the source for copying conditions.  There is NO
warranty; not even for MERCHANTABILITY or FITNESS FOR A PARTICULAR PURPOSE.

configure:3318: $? = 0
configure:3307: g++ -v >&5
Using built-in specs.
COLLECT_GCC=g++
COLLECT_LTO_WRAPPER=/usr/lib/gcc/i686-linux-gnu/4.9/lto-wrapper
Target: i686-linux-gnu
Configured with: ../src/configure -v --with-pkgversion='Ubuntu 4.9.4-2ubuntu1~12.04' --with-bugurl=file:///usr/share/doc/gcc-4.9/README.Bugs --enable-languages=c,c++,java,go,d,fortran,objc,obj-c++ --prefix=/usr --program-suffix=-4.9 --enable-shared --enable-linker-build-id --libexecdir=/usr/lib --without-included-gettext --enable-threads=posix --with-gxx-include-dir=/usr/include/c++/4.9 --libdir=/usr/lib --enable-nls --with-sysroot=/ --enable-clocale=gnu --enable-libstdcxx-debug --enable-libstdcxx-time=yes --enable-gnu-unique-object --disable-vtable-verify --enable-plugin --with-system-zlib --disable-browser-plugin --enable-java-awt=gtk --enable-gtk-cairo --with-java-home=/usr/lib/jvm/java-1.5.0-gcj-4.9-i386/jre --enable-java-home --with-jvm-root-dir=/usr/lib/jvm/java-1.5.0-gcj-4.9-i386 --with-jvm-jar-dir=/usr/lib/jvm-exports/java-1.5.0-gcj-4.9-i386 --with-arch-directory=i386 --with-ecj-jar=/usr/share/java/eclipse-ecj.jar --enable-objc-gc --enable-targets=all --enable-multiarch --disable-werror --with-arch-32=i686 --with-multilib-list=m32,m64 --enable-multilib --with-tune=generic --enable-checking=release --build=i686-linux-gnu --host=i686-linux-gnu --target=i686-linux-gnu
Thread model: posix
gcc version 4.9.4 (Ubuntu 4.9.4-2ubuntu1~12.04) 
configure:3318: $? = 0
configure:3307: g++ -V >&5
g++: error: unrecognized command line option '-V'
g++: fatal error: no input files
compilation terminated.
configure:3318: $? = 4
configure:3307: g++ -qversion >&5
g++: error: unrecognized command line option '-qversion'
g++: fatal error: no input files
compilation terminated.
configure:3318: $? = 4
configure:3338: checking whether the C++ compiler works
configure:3360: g++    conftest.cpp  >&5
configure:3364: $? = 0
configure:3412: result: yes
configure:3415: checking for C++ compiler default output file name
configure:3417: result: a.out
configure:3423: checking for suffix of executables
configure:3430: g++ -o conftest    conftest.cpp  >&5
configure:3434: $? = 0
configure:3456: result: 
configure:3478: checking whether we are cross compiling
configure:3486: g++ -o conftest    conftest.cpp  >&5
configure:3490: $? = 0
configure:3497: ./conftest
configure:3501: $? = 0
configure:3516: result: no
configure:3521: checking for suffix of object files
configure:3543: g++ -c   conftest.cpp >&5
configure:3547: $? = 0
configure:3568: result: o
configure:3572: checking whether we are using the GNU C++ compiler
configure:3591: g++ -c   conftest.cpp >&5
configure:3591: $? = 0
configure:3600: result: yes
configure:3609: checking whether g++ accepts -g
configure:3629: g++ -c -g  conftest.cpp >&5
configure:3629: $? = 0
configure:3670: result: yes
configure:3704: checking for style of include used by make
configure:3732: result: GNU
configure:3758: checking dependency style of g++
configure:3869: result: gcc3
configure:3932: checking for gcc
configure:3948: found /usr/bin/gcc
configure:3959: result: gcc
configure:4188: checking for C compiler version
configure:4197: gcc --version >&5
gcc (Ubuntu 4.9.4-2ubuntu1~12.04) 4.9.4
Copyright (C) 2015 Free Software Foundation, Inc.
This is free software; see the source for copying conditions.  There is NO
warranty; not even for MERCHANTABILITY or FITNESS FOR A PARTICULAR PURPOSE.

configure:4208: $? = 0
configure:4197: gcc -v >&5
Using built-in specs.
COLLECT_GCC=gcc
COLLECT_LTO_WRAPPER=/usr/lib/gcc/i686-linux-gnu/4.9/lto-wrapper
Target: i686-linux-gnu
Configured with: ../src/configure -v --with-pkgversion='Ubuntu 4.9.4-2ubuntu1~12.04' --with-bugurl=file:///usr/share/doc/gcc-4.9/README.Bugs --enable-languages=c,c++,java,go,d,fortran,objc,obj-c++ --prefix=/usr --program-suffix=-4.9 --enable-shared --enable-linker-build-id --libexecdir=/usr/lib --without-included-gettext --enable-threads=posix --with-gxx-include-dir=/usr/include/c++/4.9 --libdir=/usr/lib --enable-nls --with-sysroot=/ --enable-clocale=gnu --enable-libstdcxx-debug --enable-libstdcxx-time=yes --enable-gnu-unique-object --disable-vtable-verify --enable-plugin --with-system-zlib --disable-browser-plugin --enable-java-awt=gtk --enable-gtk-cairo --with-java-home=/usr/lib/jvm/java-1.5.0-gcj-4.9-i386/jre --enable-java-home --with-jvm-root-dir=/usr/lib/jvm/java-1.5.0-gcj-4.9-i386 --with-jvm-jar-dir=/usr/lib/jvm-exports/java-1.5.0-gcj-4.9-i386 --with-arch-directory=i386 --with-ecj-jar=/usr/share/java/eclipse-ecj.jar --enable-objc-gc --enable-targets=all --enable-multiarch --disable-werror --with-arch-32=i686 --with-multilib-list=m32,m64 --enable-multilib --with-tune=generic --enable-checking=release --build=i686-linux-gnu --host=i686-linux-gnu --target=i686-linux-gnu
Thread model: posix
gcc version 4.9.4 (Ubuntu 4.9.4-2ubuntu1~12.04) 
configure:4208: $? = 0
configure:4197: gcc -V >&5
gcc: error: unrecognized command line option '-V'
gcc: fatal error: no input files
compilation terminated.
configure:4208: $? = 4
configure:4197: gcc -qversion >&5
gcc: error: unrecognized command line option '-qversion'
gcc: fatal error: no input files
compilation terminated.
configure:4208: $? = 4
configure:4212: checking whether we are using the GNU C compiler
configure:4231: gcc -c   conftest.c >&5
configure:4231: $? = 0
configure:4240: result: yes
configure:4249: checking whether gcc accepts -g
configure:4269: gcc -c -g  conftest.c >&5
configure:4269: $? = 0
configure:4310: result: yes
configure:4327: checking for gcc option to accept ISO C89
configure:4391: gcc  -c -g -O2  conftest.c >&5
configure:4391: $? = 0
configure:4404: result: none needed
configure:4426: checking dependency style of gcc
configure:4537: result: gcc3
configure:4552: checking whether make sets $(MAKE)
configure:4574: result: yes
configure:4626: checking for ranlib
configure:4642: found /usr/bin/ranlib
configure:4653: result: ranlib
configure:4695: checking for ocamlc
configure:4713: found /home/bambool/.opam/3.12.1/bin/ocamlc
configure:4725: result: /home/bambool/.opam/3.12.1/bin/ocamlc
configure:4739: checking for OCaml version
configure:4742: result: 3.12.1
configure:4748: checking whether OCaml version >= 3.12.0
configure:4770: result: yes
configure:4780: checking for OCaml library path
configure:4783: result: /home/bambool/.opam/3.12.1/lib/ocaml
configure:4791: checking for ocamlc.opt
configure:4809: found /home/bambool/.opam/3.12.1/bin/ocamlc.opt
configure:4821: result: /home/bambool/.opam/3.12.1/bin/ocamlc.opt
configure:4837: checking for ocamlc.opt version
configure:4840: result: 3.12.1
configure:4861: checking for ocamlopt
configure:4879: found /home/bambool/.opam/3.12.1/bin/ocamlopt
configure:4891: result: /home/bambool/.opam/3.12.1/bin/ocamlopt
configure:4907: checking for ocamlopt version
configure:4910: result: 3.12.1
configure:4925: checking if OCaml C compiler works
configure:4928: result: yes
configure:4946: checking for ocamlopt.opt
configure:4964: found /home/bambool/.opam/3.12.1/bin/ocamlopt.opt
configure:4976: result: /home/bambool/.opam/3.12.1/bin/ocamlopt.opt
configure:4992: checking for ocamlopt.opt version
configure:4995: result: 3.12.1
configure:5016: checking for ocamldep
configure:5034: found /home/bambool/.opam/3.12.1/bin/ocamldep
configure:5046: result: /home/bambool/.opam/3.12.1/bin/ocamldep
configure:5065: checking for ocamldep.opt
configure:5083: found /home/bambool/.opam/3.12.1/bin/ocamldep.opt
configure:5095: result: /home/bambool/.opam/3.12.1/bin/ocamldep.opt
configure:5117: checking for ocamlmktop
configure:5135: found /home/bambool/.opam/3.12.1/bin/ocamlmktop
configure:5147: result: /home/bambool/.opam/3.12.1/bin/ocamlmktop
configure:5165: checking for ocamlmklib
configure:5183: found /home/bambool/.opam/3.12.1/bin/ocamlmklib
configure:5195: result: /home/bambool/.opam/3.12.1/bin/ocamlmklib
configure:5213: checking for ocamldoc
configure:5231: found /home/bambool/.opam/3.12.1/bin/ocamldoc
configure:5243: result: /home/bambool/.opam/3.12.1/bin/ocamldoc
configure:5262: checking for ocamldoc.opt
configure:5280: found /home/bambool/.opam/3.12.1/bin/ocamldoc.opt
configure:5292: result: /home/bambool/.opam/3.12.1/bin/ocamldoc.opt
configure:5314: checking for ocamllex
configure:5332: found /home/bambool/.opam/3.12.1/bin/ocamllex
configure:5344: result: /home/bambool/.opam/3.12.1/bin/ocamllex
configure:5363: checking for ocamllex.opt
configure:5381: found /home/bambool/.opam/3.12.1/bin/ocamllex.opt
configure:5393: result: /home/bambool/.opam/3.12.1/bin/ocamllex.opt
configure:5415: checking for ocamlyacc
configure:5433: found /home/bambool/.opam/3.12.1/bin/ocamlyacc
configure:5445: result: /home/bambool/.opam/3.12.1/bin/ocamlyacc
configure:5467: checking for camlp4
configure:5485: found /home/bambool/.opam/3.12.1/bin/camlp4
configure:5497: result: /home/bambool/.opam/3.12.1/bin/camlp4
configure:5511: checking for camlp4 version
configure:5514: result: 3.12.1
configure:5529: checking for camlp4o
configure:5547: found /home/bambool/.opam/3.12.1/bin/camlp4o
configure:5559: result: /home/bambool/.opam/3.12.1/bin/camlp4o
configure:5576: checking for camlp4of
configure:5594: found /home/bambool/.opam/3.12.1/bin/camlp4of
configure:5606: result: /home/bambool/.opam/3.12.1/bin/camlp4of
configure:5623: checking for camlp4r
configure:5641: found /home/bambool/.opam/3.12.1/bin/camlp4r
configure:5653: result: /home/bambool/.opam/3.12.1/bin/camlp4r
configure:5668: checking for CamlP4 library path
configure:5671: result: /home/bambool/.opam/3.12.1/lib/ocaml/camlp4
configure:5680: checking for ocamlfind
configure:5698: found /home/bambool/.opam/3.12.1/bin/ocamlfind
configure:5710: result: /home/bambool/.opam/3.12.1/bin/ocamlfind
configure:5728: checking for camlidl
configure:5746: found /home/bambool/.opam/3.12.1/bin/camlidl
configure:5758: result: /home/bambool/.opam/3.12.1/bin/camlidl
configure:5864: checking for /home/bambool/loop/pin
configure:5878: result: no
configure:5883: WARNING: Pin not found. BAP pintraces will be unavailable.
configure:5899: checking llvm ocaml libraries
configure:5948: result: no
configure:6049: checking for camomile
configure:6057: result: yes
configure:6061: checking for bfd_init in -lbfd
configure:6086: gcc -o conftest -g -O2   conftest.c -lbfd   >&5
configure:6086: $? = 0
configure:6095: result: yes
configure:6108: checking for xmalloc in -liberty
configure:6133: gcc -o conftest -g -O2   conftest.c -liberty  -lbfd  >&5
configure:6133: $? = 0
configure:6142: result: yes
configure:6155: checking for pcre_config in -lpcre
configure:6180: gcc -o conftest -g -O2   conftest.c -lpcre  -liberty -lbfd  >&5
configure:6180: $? = 0
configure:6189: result: yes
configure:6203: checking for inflate in -lz
configure:6228: gcc -o conftest -g -O2   conftest.c -lz  -lpcre -liberty -lbfd  >&5
configure:6228: $? = 0
configure:6237: result: yes
configure:6270: checking build system type
configure:6284: result: i686-pc-linux-gnu
configure:6304: checking host system type
configure:6317: result: i686-pc-linux-gnu
configure:6357: checking how to run the C preprocessor
configure:6388: gcc -E  conftest.c
configure:6388: $? = 0
configure:6402: gcc -E  conftest.c
conftest.c:15:28: fatal error: ac_nonexistent.h: No such file or directory
 #include <ac_nonexistent.h>
                            ^
compilation terminated.
configure:6402: $? = 1
configure: failed program was:
| /* confdefs.h */
| #define PACKAGE_NAME "Bap"
| #define PACKAGE_TARNAME "bap"
| #define PACKAGE_VERSION "0.8"
| #define PACKAGE_STRING "Bap 0.8"
| #define PACKAGE_BUGREPORT "bap-dev@lists.andrew.cmu.edu"
| #define PACKAGE_URL ""
| #define PACKAGE "bap"
| #define VERSION "0.8"
| #define HAVE_LIBBFD 1
| #define HAVE_LIBIBERTY 1
| #define HAVE_LIBPCRE 1
| #define HAVE_LIBZ 1
| /* end confdefs.h.  */
| #include <ac_nonexistent.h>
configure:6427: result: gcc -E
configure:6447: gcc -E  conftest.c
configure:6447: $? = 0
configure:6461: gcc -E  conftest.c
conftest.c:15:28: fatal error: ac_nonexistent.h: No such file or directory
 #include <ac_nonexistent.h>
                            ^
compilation terminated.
configure:6461: $? = 1
configure: failed program was:
| /* confdefs.h */
| #define PACKAGE_NAME "Bap"
| #define PACKAGE_TARNAME "bap"
| #define PACKAGE_VERSION "0.8"
| #define PACKAGE_STRING "Bap 0.8"
| #define PACKAGE_BUGREPORT "bap-dev@lists.andrew.cmu.edu"
| #define PACKAGE_URL ""
| #define PACKAGE "bap"
| #define VERSION "0.8"
| #define HAVE_LIBBFD 1
| #define HAVE_LIBIBERTY 1
| #define HAVE_LIBPCRE 1
| #define HAVE_LIBZ 1
| /* end confdefs.h.  */
| #include <ac_nonexistent.h>
configure:6490: checking for grep that handles long lines and -e
configure:6548: result: /bin/grep
configure:6553: checking for egrep
configure:6615: result: /bin/grep -E
configure:6620: checking for ANSI C header files
configure:6640: gcc -c -g -O2  conftest.c >&5
configure:6640: $? = 0
configure:6713: gcc -o conftest -g -O2   conftest.c -lz -lpcre -liberty -lbfd  >&5
configure:6713: $? = 0
configure:6713: ./conftest
configure:6713: $? = 0
configure:6724: result: yes
configure:6737: checking for sys/types.h
configure:6737: gcc -c -g -O2  conftest.c >&5
configure:6737: $? = 0
configure:6737: result: yes
configure:6737: checking for sys/stat.h
configure:6737: gcc -c -g -O2  conftest.c >&5
configure:6737: $? = 0
configure:6737: result: yes
configure:6737: checking for stdlib.h
configure:6737: gcc -c -g -O2  conftest.c >&5
configure:6737: $? = 0
configure:6737: result: yes
configure:6737: checking for string.h
configure:6737: gcc -c -g -O2  conftest.c >&5
configure:6737: $? = 0
configure:6737: result: yes
configure:6737: checking for memory.h
configure:6737: gcc -c -g -O2  conftest.c >&5
configure:6737: $? = 0
configure:6737: result: yes
configure:6737: checking for strings.h
configure:6737: gcc -c -g -O2  conftest.c >&5
configure:6737: $? = 0
configure:6737: result: yes
configure:6737: checking for inttypes.h
configure:6737: gcc -c -g -O2  conftest.c >&5
configure:6737: $? = 0
configure:6737: result: yes
configure:6737: checking for stdint.h
configure:6737: gcc -c -g -O2  conftest.c >&5
configure:6737: $? = 0
configure:6737: result: yes
configure:6737: checking for unistd.h
configure:6737: gcc -c -g -O2  conftest.c >&5
configure:6737: $? = 0
configure:6737: result: yes
configure:6752: checking fcntl.h usability
configure:6752: gcc -c -g -O2  conftest.c >&5
configure:6752: $? = 0
configure:6752: result: yes
configure:6752: checking fcntl.h presence
configure:6752: gcc -E  conftest.c
configure:6752: $? = 0
configure:6752: result: yes
configure:6752: checking for fcntl.h
configure:6752: result: yes
configure:6752: checking for stdint.h
configure:6752: result: yes
configure:6752: checking for stdlib.h
configure:6752: result: yes
configure:6752: checking for string.h
configure:6752: result: yes
configure:6752: checking for unistd.h
configure:6752: result: yes
configure:6764: checking bfd.h usability
configure:6764: gcc -c -g -O2  conftest.c >&5
configure:6764: $? = 0
configure:6764: result: yes
configure:6764: checking bfd.h presence
configure:6764: gcc -E  conftest.c
configure:6764: $? = 0
configure:6764: result: yes
configure:6764: checking for bfd.h
configure:6764: result: yes
configure:6772: checking pcre.h usability
configure:6772: gcc -c -g -O2  conftest.c >&5
configure:6772: $? = 0
configure:6772: result: yes
configure:6772: checking pcre.h presence
configure:6772: gcc -E  conftest.c
configure:6772: $? = 0
configure:6772: result: yes
configure:6772: checking for pcre.h
configure:6772: result: yes
configure:6782: checking for stdbool.h that conforms to C99
configure:6849: gcc -c -g -O2  conftest.c >&5
configure:6849: $? = 0
configure:6856: result: yes
configure:6858: checking for _Bool
configure:6858: gcc -c -g -O2  conftest.c >&5
configure:6858: $? = 0
configure:6858: gcc -c -g -O2  conftest.c >&5
conftest.c: In function 'main':
conftest.c:66:20: error: expected expression before ')' token
 if (sizeof ((_Bool)))
                    ^
configure:6858: $? = 1
configure: failed program was:
| /* confdefs.h */
| #define PACKAGE_NAME "Bap"
| #define PACKAGE_TARNAME "bap"
| #define PACKAGE_VERSION "0.8"
| #define PACKAGE_STRING "Bap 0.8"
| #define PACKAGE_BUGREPORT "bap-dev@lists.andrew.cmu.edu"
| #define PACKAGE_URL ""
| #define PACKAGE "bap"
| #define VERSION "0.8"
| #define HAVE_LIBBFD 1
| #define HAVE_LIBIBERTY 1
| #define HAVE_LIBPCRE 1
| #define HAVE_LIBZ 1
| #define STDC_HEADERS 1
| #define HAVE_SYS_TYPES_H 1
| #define HAVE_SYS_STAT_H 1
| #define HAVE_STDLIB_H 1
| #define HAVE_STRING_H 1
| #define HAVE_MEMORY_H 1
| #define HAVE_STRINGS_H 1
| #define HAVE_INTTYPES_H 1
| #define HAVE_STDINT_H 1
| #define HAVE_UNISTD_H 1
| #define HAVE_FCNTL_H 1
| #define HAVE_STDINT_H 1
| #define HAVE_STDLIB_H 1
| #define HAVE_STRING_H 1
| #define HAVE_UNISTD_H 1
| /* end confdefs.h.  */
| #include <stdio.h>
| #ifdef HAVE_SYS_TYPES_H
| # include <sys/types.h>
| #endif
| #ifdef HAVE_SYS_STAT_H
| # include <sys/stat.h>
| #endif
| #ifdef STDC_HEADERS
| # include <stdlib.h>
| # include <stddef.h>
| #else
| # ifdef HAVE_STDLIB_H
| #  include <stdlib.h>
| # endif
| #endif
| #ifdef HAVE_STRING_H
| # if !defined STDC_HEADERS && defined HAVE_MEMORY_H
| #  include <memory.h>
| # endif
| # include <string.h>
| #endif
| #ifdef HAVE_STRINGS_H
| # include <strings.h>
| #endif
| #ifdef HAVE_INTTYPES_H
| # include <inttypes.h>
| #endif
| #ifdef HAVE_STDINT_H
| # include <stdint.h>
| #endif
| #ifdef HAVE_UNISTD_H
| # include <unistd.h>
| #endif
| int
| main ()
| {
| if (sizeof ((_Bool)))
| 	    return 0;
|   ;
|   return 0;
| }
configure:6858: result: yes
configure:6874: checking for an ANSI C-conforming const
configure:6939: gcc -c -g -O2  conftest.c >&5
configure:6939: $? = 0
configure:6946: result: yes
configure:6954: checking for size_t
configure:6954: gcc -c -g -O2  conftest.c >&5
configure:6954: $? = 0
configure:6954: gcc -c -g -O2  conftest.c >&5
conftest.c: In function 'main':
conftest.c:68:21: error: expected expression before ')' token
 if (sizeof ((size_t)))
                     ^
configure:6954: $? = 1
configure: failed program was:
| /* confdefs.h */
| #define PACKAGE_NAME "Bap"
| #define PACKAGE_TARNAME "bap"
| #define PACKAGE_VERSION "0.8"
| #define PACKAGE_STRING "Bap 0.8"
| #define PACKAGE_BUGREPORT "bap-dev@lists.andrew.cmu.edu"
| #define PACKAGE_URL ""
| #define PACKAGE "bap"
| #define VERSION "0.8"
| #define HAVE_LIBBFD 1
| #define HAVE_LIBIBERTY 1
| #define HAVE_LIBPCRE 1
| #define HAVE_LIBZ 1
| #define STDC_HEADERS 1
| #define HAVE_SYS_TYPES_H 1
| #define HAVE_SYS_STAT_H 1
| #define HAVE_STDLIB_H 1
| #define HAVE_STRING_H 1
| #define HAVE_MEMORY_H 1
| #define HAVE_STRINGS_H 1
| #define HAVE_INTTYPES_H 1
| #define HAVE_STDINT_H 1
| #define HAVE_UNISTD_H 1
| #define HAVE_FCNTL_H 1
| #define HAVE_STDINT_H 1
| #define HAVE_STDLIB_H 1
| #define HAVE_STRING_H 1
| #define HAVE_UNISTD_H 1
| #define HAVE__BOOL 1
| #define HAVE_STDBOOL_H 1
| /* end confdefs.h.  */
| #include <stdio.h>
| #ifdef HAVE_SYS_TYPES_H
| # include <sys/types.h>
| #endif
| #ifdef HAVE_SYS_STAT_H
| # include <sys/stat.h>
| #endif
| #ifdef STDC_HEADERS
| # include <stdlib.h>
| # include <stddef.h>
| #else
| # ifdef HAVE_STDLIB_H
| #  include <stdlib.h>
| # endif
| #endif
| #ifdef HAVE_STRING_H
| # if !defined STDC_HEADERS && defined HAVE_MEMORY_H
| #  include <memory.h>
| # endif
| # include <string.h>
| #endif
| #ifdef HAVE_STRINGS_H
| # include <strings.h>
| #endif
| #ifdef HAVE_INTTYPES_H
| # include <inttypes.h>
| #endif
| #ifdef HAVE_STDINT_H
| # include <stdint.h>
| #endif
| #ifdef HAVE_UNISTD_H
| # include <unistd.h>
| #endif
| int
| main ()
| {
| if (sizeof ((size_t)))
| 	    return 0;
|   ;
|   return 0;
| }
configure:6954: result: yes
configure:6970: checking size of bfd_vma
configure:6975: gcc -o conftest -g -O2   conftest.c -lz -lpcre -liberty -lbfd  >&5
configure:6975: $? = 0
configure:6975: ./conftest
configure:6975: $? = 0
configure:6990: result: 8
configure:7004: checking for stdlib.h
configure:7004: result: yes
configure:7014: checking for GNU libc compatible malloc
configure:7038: gcc -o conftest -g -O2   conftest.c -lz -lpcre -liberty -lbfd  >&5
configure:7038: $? = 0
configure:7038: ./conftest
configure:7038: $? = 0
configure:7048: result: yes
configure:7069: checking for working memcmp
configure:7112: gcc -o conftest -g -O2   conftest.c -lz -lpcre -liberty -lbfd  >&5
configure:7112: $? = 0
configure:7112: ./conftest
configure:7112: $? = 0
configure:7122: result: yes
configure:7134: checking for bzero
configure:7134: gcc -o conftest -g -O2   conftest.c -lz -lpcre -liberty -lbfd  >&5
conftest.c:58:6: warning: conflicting types for built-in function 'bzero'
 char bzero ();
      ^
configure:7134: $? = 0
configure:7134: result: yes
configure:7134: checking for memset
configure:7134: gcc -o conftest -g -O2   conftest.c -lz -lpcre -liberty -lbfd  >&5
conftest.c:59:6: warning: conflicting types for built-in function 'memset'
 char memset ();
      ^
configure:7134: $? = 0
configure:7134: result: yes
configure:7134: checking for strstr
configure:7134: gcc -o conftest -g -O2   conftest.c -lz -lpcre -liberty -lbfd  >&5
conftest.c:60:6: warning: conflicting types for built-in function 'strstr'
 char strstr ();
      ^
configure:7134: $? = 0
configure:7134: result: yes
configure:7134: checking for strtoul
configure:7134: gcc -o conftest -g -O2   conftest.c -lz -lpcre -liberty -lbfd  >&5
configure:7134: $? = 0
configure:7134: result: yes
configure:7302: creating ./config.status

## ---------------------- ##
## Running config.status. ##
## ---------------------- ##

This file was extended by Bap config.status 0.8, which was
generated by GNU Autoconf 2.68.  Invocation command line was

  CONFIG_FILES    = 
  CONFIG_HEADERS  = 
  CONFIG_LINKS    = 
  CONFIG_COMMANDS = 
  $ ./config.status 

on bambool-VirtualBox

config.status:934: creating Makefile
config.status:934: creating libasmir/Makefile
config.status:934: creating libasmir/src/Makefile
config.status:934: creating libtracewrap/Makefile
config.status:934: creating pintraces/Makefile
config.status:934: creating ocaml/Makefile
config.status:934: creating utils/Makefile
config.status:934: creating tests/Makefile
config.status:934: creating tests/C/Makefile
config.status:934: creating libasmir/config.h
config.status:1115: libasmir/config.h is unchanged
config.status:1163: executing depfiles commands
configure:8706: === configuring in ocamlgraph (/home/bambool/loop/ocamlgraph)
configure:8769: running /bin/bash ./configure --disable-option-checking '--prefix=/usr/local'  --cache-file=/dev/null --srcdir=.

## ---------------- ##
## Cache variables. ##
## ---------------- ##

ac_cv_build=i686-pc-linux-gnu
ac_cv_c_compiler_gnu=yes
ac_cv_c_const=yes
ac_cv_cxx_compiler_gnu=yes
ac_cv_env_CCC_set=
ac_cv_env_CCC_value=
ac_cv_env_CC_set=
ac_cv_env_CC_value=
ac_cv_env_CFLAGS_set=
ac_cv_env_CFLAGS_value=
ac_cv_env_CPPFLAGS_set=
ac_cv_env_CPPFLAGS_value=
ac_cv_env_CPP_set=
ac_cv_env_CPP_value=
ac_cv_env_CXXFLAGS_set=
ac_cv_env_CXXFLAGS_value=
ac_cv_env_CXX_set=
ac_cv_env_CXX_value=
ac_cv_env_LDFLAGS_set=
ac_cv_env_LDFLAGS_value=
ac_cv_env_LIBS_set=
ac_cv_env_LIBS_value=
ac_cv_env_build_alias_set=
ac_cv_env_build_alias_value=
ac_cv_env_host_alias_set=
ac_cv_env_host_alias_value=
ac_cv_env_target_alias_set=
ac_cv_env_target_alias_value=
ac_cv_file__home_bambool_loop_pin=no
ac_cv_func_bzero=yes
ac_cv_func_malloc_0_nonnull=yes
ac_cv_func_memcmp_working=yes
ac_cv_func_memset=yes
ac_cv_func_strstr=yes
ac_cv_func_strtoul=yes
ac_cv_header_bfd_h=yes
ac_cv_header_fcntl_h=yes
ac_cv_header_inttypes_h=yes
ac_cv_header_memory_h=yes
ac_cv_header_pcre_h=yes
ac_cv_header_stdbool_h=yes
ac_cv_header_stdc=yes
ac_cv_header_stdint_h=yes
ac_cv_header_stdlib_h=yes
ac_cv_header_string_h=yes
ac_cv_header_strings_h=yes
ac_cv_header_sys_stat_h=yes
ac_cv_header_sys_types_h=yes
ac_cv_header_unistd_h=yes
ac_cv_host=i686-pc-linux-gnu
ac_cv_lib_bfd_bfd_init=yes
ac_cv_lib_iberty_xmalloc=yes
ac_cv_lib_pcre_pcre_config=yes
ac_cv_lib_z_inflate=yes
ac_cv_objext=o
ac_cv_path_CAMLIDL=/home/bambool/.opam/3.12.1/bin/camlidl
ac_cv_path_CAMLP4=/home/bambool/.opam/3.12.1/bin/camlp4
ac_cv_path_CAMLP4O=/home/bambool/.opam/3.12.1/bin/camlp4o
ac_cv_path_CAMLP4OF=/home/bambool/.opam/3.12.1/bin/camlp4of
ac_cv_path_CAMLP4R=/home/bambool/.opam/3.12.1/bin/camlp4r
ac_cv_path_EGREP='/bin/grep -E'
ac_cv_path_GREP=/bin/grep
ac_cv_path_OCAMLC=/home/bambool/.opam/3.12.1/bin/ocamlc
ac_cv_path_OCAMLC_OPT=/home/bambool/.opam/3.12.1/bin/ocamlc.opt
ac_cv_path_OCAMLDEP=/home/bambool/.opam/3.12.1/bin/ocamldep
ac_cv_path_OCAMLDEP_OPT=/home/bambool/.opam/3.12.1/bin/ocamldep.opt
ac_cv_path_OCAMLDOC=/home/bambool/.opam/3.12.1/bin/ocamldoc
ac_cv_path_OCAMLDOC_OPT=/home/bambool/.opam/3.12.1/bin/ocamldoc.opt
ac_cv_path_OCAMLFIND=/home/bambool/.opam/3.12.1/bin/ocamlfind
ac_cv_path_OCAMLLEX=/home/bambool/.opam/3.12.1/bin/ocamllex
ac_cv_path_OCAMLLEX_OPT=/home/bambool/.opam/3.12.1/bin/ocamllex.opt
ac_cv_path_OCAMLMKLIB=/home/bambool/.opam/3.12.1/bin/ocamlmklib
ac_cv_path_OCAMLMKTOP=/home/bambool/.opam/3.12.1/bin/ocamlmktop
ac_cv_path_OCAMLOPT=/home/bambool/.opam/3.12.1/bin/ocamlopt
ac_cv_path_OCAMLOPT_OPT=/home/bambool/.opam/3.12.1/bin/ocamlopt.opt
ac_cv_path_OCAMLYACC=/home/bambool/.opam/3.12.1/bin/ocamlyacc
ac_cv_path_install='/usr/bin/install -c'
ac_cv_path_mkdir=/bin/mkdir
ac_cv_prog_AWK=gawk
ac_cv_prog_CPP='gcc -E'
ac_cv_prog_ac_ct_CC=gcc
ac_cv_prog_ac_ct_CXX=g++
ac_cv_prog_ac_ct_RANLIB=ranlib
ac_cv_prog_cc_c89=
ac_cv_prog_cc_g=yes
ac_cv_prog_cxx_g=yes
ac_cv_prog_make_make_set=yes
ac_cv_sizeof_bfd_vma=8
ac_cv_type__Bool=yes
ac_cv_type_size_t=yes
am_cv_CC_dependencies_compiler_type=gcc3
am_cv_CXX_dependencies_compiler_type=gcc3

## ----------------- ##
## Output variables. ##
## ----------------- ##

ACLOCAL='${SHELL} /home/bambool/loop/missing --run aclocal-1.11'
AMDEPBACKSLASH='\'
AMDEP_FALSE='#'
AMDEP_TRUE=''
AMTAR='$${TAR-tar}'
ARCH_X64='false'
ASMIR_DIR='/home/bambool/loop/libasmir'
AUTOCONF='${SHELL} /home/bambool/loop/missing --run autoconf'
AUTOHEADER='${SHELL} /home/bambool/loop/missing --run autoheader'
AUTOMAKE='${SHELL} /home/bambool/loop/missing --run automake-1.11'
AWK='gawk'
BAP_DIR='/home/bambool/loop'
BUILD_LIBTRACE32='false'
CAMLIDL='/home/bambool/.opam/3.12.1/bin/camlidl'
CAMLP4='/home/bambool/.opam/3.12.1/bin/camlp4'
CAMLP4O='/home/bambool/.opam/3.12.1/bin/camlp4o'
CAMLP4OF='/home/bambool/.opam/3.12.1/bin/camlp4of'
CAMLP4R='/home/bambool/.opam/3.12.1/bin/camlp4r'
CC='gcc'
CCDEPMODE='depmode=gcc3'
CFLAGS='-g -O2'
CPP='gcc -E'
CPPFLAGS=''
CXX='g++'
CXXDEPMODE='depmode=gcc3'
CXXFLAGS='-g -O2'
CYGPATH_W='echo'
DEFS='-DHAVE_CONFIG_H'
DEPDIR='.deps'
ECHO_C=''
ECHO_N='-n'
ECHO_T=''
EGREP='/bin/grep -E'
EXEEXT=''
GREP='/bin/grep'
HAVE_ETAGS_FALSE='#'
HAVE_ETAGS_TRUE=''
HAVE_LLVM_AC='no'
HAVE_PIN_FALSE=''
HAVE_PIN_TRUE='#'
INCDIRS=''
INSTALL_DATA='${INSTALL} -m 644'
INSTALL_PROGRAM='${INSTALL}'
INSTALL_SCRIPT='${INSTALL}'
INSTALL_STRIP_PROGRAM='$(install_sh) -c -s'
LDFLAGS=''
LIBOBJS=''
LIBS='-lz -lpcre -liberty -lbfd '
LLVM_PACKAGE=''
LLVM_PPFLAGS=''
LTLIBOBJS=''
MAKEINFO='${SHELL} /home/bambool/loop/missing --run makeinfo'
MKDIR_P='/bin/mkdir -p'
OBJEXT='o'
OCAMLC='/home/bambool/.opam/3.12.1/bin/ocamlc.opt'
OCAMLC_OPT='/home/bambool/.opam/3.12.1/bin/ocamlc.opt'
OCAMLDEP='/home/bambool/.opam/3.12.1/bin/ocamldep.opt'
OCAMLDEP_OPT='/home/bambool/.opam/3.12.1/bin/ocamldep.opt'
OCAMLDOC='/home/bambool/.opam/3.12.1/bin/ocamldoc.opt'
OCAMLDOC_OPT='/home/bambool/.opam/3.12.1/bin/ocamldoc.opt'
OCAMLFIND='/home/bambool/.opam/3.12.1/bin/ocamlfind'
OCAMLLEX='/home/bambool/.opam/3.12.1/bin/ocamllex.opt'
OCAMLLEX_OPT='/home/bambool/.opam/3.12.1/bin/ocamllex.opt'
OCAMLMKLIB='/home/bambool/.opam/3.12.1/bin/ocamlmklib'
OCAMLMKTOP='/home/bambool/.opam/3.12.1/bin/ocamlmktop'
OCAMLOPT='/home/bambool/.opam/3.12.1/bin/ocamlopt.opt'
OCAMLOPT_OPT='/home/bambool/.opam/3.12.1/bin/ocamlopt.opt'
OCAMLYACC='/home/bambool/.opam/3.12.1/bin/ocamlyacc'
PACKAGE='bap'
PACKAGE_BUGREPORT='bap-dev@lists.andrew.cmu.edu'
PACKAGE_NAME='Bap'
PACKAGE_STRING='Bap 0.8'
PACKAGE_TARNAME='bap'
PACKAGE_URL=''
PACKAGE_VERSION='0.8'
PATH_SEPARATOR=':'
PIN_ROOT='/home/bambool/loop/pin'
RANLIB='ranlib'
SET_MAKE=''
SHELL='/bin/bash'
STRIP=''
VERSION='0.8'
ac_ct_CC='gcc'
ac_ct_CXX='g++'
am__EXEEXT_FALSE=''
am__EXEEXT_TRUE='#'
am__fastdepCC_FALSE='#'
am__fastdepCC_TRUE=''
am__fastdepCXX_FALSE='#'
am__fastdepCXX_TRUE=''
am__include='include'
am__isrc=''
am__leading_dot='.'
am__nodep='_no'
am__quote=''
am__tar='$${TAR-tar} chof - "$$tardir"'
am__untar='$${TAR-tar} xf -'
bindir='${exec_prefix}/bin'
build='i686-pc-linux-gnu'
build_alias=''
build_cpu='i686'
build_os='linux-gnu'
build_vendor='pc'
datadir='${datarootdir}'
datarootdir='${prefix}/share'
docdir='${datarootdir}/doc/${PACKAGE_TARNAME}'
dvidir='${docdir}'
exec_prefix='${prefix}'
host='i686-pc-linux-gnu'
host_alias=''
host_cpu='i686'
host_os='linux-gnu'
host_vendor='pc'
htmldir='${docdir}'
includedir='${prefix}/include'
infodir='${datarootdir}/info'
install_sh='${SHELL} /home/bambool/loop/install-sh'
libdir='${exec_prefix}/lib'
libexecdir='${exec_prefix}/libexec'
localedir='${datarootdir}/locale'
localstatedir='${prefix}/var'
mandir='${datarootdir}/man'
mkdir_p='/bin/mkdir -p'
oldincludedir='/usr/include'
pdfdir='${docdir}'
prefix='/usr/local'
program_transform_name='s,x,x,'
psdir='${docdir}'
sbindir='${exec_prefix}/sbin'
sharedstatedir='${prefix}/com'
subdirs=' ocamlgraph'
sysconfdir='${prefix}/etc'
target_alias=''

## ----------- ##
## confdefs.h. ##
## ----------- ##

/* confdefs.h */
#define PACKAGE_NAME "Bap"
#define PACKAGE_TARNAME "bap"
#define PACKAGE_VERSION "0.8"
#define PACKAGE_STRING "Bap 0.8"
#define PACKAGE_BUGREPORT "bap-dev@lists.andrew.cmu.edu"
#define PACKAGE_URL ""
#define PACKAGE "bap"
#define VERSION "0.8"
#define HAVE_LIBBFD 1
#define HAVE_LIBIBERTY 1
#define HAVE_LIBPCRE 1
#define HAVE_LIBZ 1
#define STDC_HEADERS 1
#define HAVE_SYS_TYPES_H 1
#define HAVE_SYS_STAT_H 1
#define HAVE_STDLIB_H 1
#define HAVE_STRING_H 1
#define HAVE_MEMORY_H 1
#define HAVE_STRINGS_H 1
#define HAVE_INTTYPES_H 1
#define HAVE_STDINT_H 1
#define HAVE_UNISTD_H 1
#define HAVE_FCNTL_H 1
#define HAVE_STDINT_H 1
#define HAVE_STDLIB_H 1
#define HAVE_STRING_H 1
#define HAVE_UNISTD_H 1
#define HAVE__BOOL 1
#define HAVE_STDBOOL_H 1
#define SIZEOF_BFD_VMA 8
#define HAVE_STDLIB_H 1
#define HAVE_MALLOC 1
#define HAVE_BZERO 1
#define HAVE_MEMSET 1
#define HAVE_STRSTR 1
#define HAVE_STRTOUL 1

configure: exit 0

## ---------------- ##
## Cache variables. ##
## ---------------- ##

ac_cv_build=i686-pc-linux-gnu
ac_cv_c_compiler_gnu=yes
ac_cv_cxx_compiler_gnu=yes
ac_cv_env_CCC_set=
ac_cv_env_CCC_value=
ac_cv_env_CC_set=
ac_cv_env_CC_value=
ac_cv_env_CFLAGS_set=
ac_cv_env_CFLAGS_value=
ac_cv_env_CPPFLAGS_set=
ac_cv_env_CPPFLAGS_value=
ac_cv_env_CPP_set=
ac_cv_env_CPP_value=
ac_cv_env_CXXFLAGS_set=
ac_cv_env_CXXFLAGS_value=
ac_cv_env_CXX_set=
ac_cv_env_CXX_value=
ac_cv_env_LDFLAGS_set=
ac_cv_env_LDFLAGS_value=
ac_cv_env_LIBS_set=
ac_cv_env_LIBS_value=
ac_cv_env_build_alias_set=
ac_cv_env_build_alias_value=
ac_cv_env_host_alias_set=
ac_cv_env_host_alias_value=
ac_cv_env_target_alias_set=
ac_cv_env_target_alias_value=
ac_cv_file__home_bambool_loop_pin=no
ac_cv_header_stdc=yes
ac_cv_header_stdlib_h=yes
ac_cv_header_string_h=yes
ac_cv_header_sys_stat_h=yes
ac_cv_header_sys_types_h=yes
ac_cv_host=i686-pc-linux-gnu
ac_cv_lib_bfd_bfd_init=yes
ac_cv_lib_iberty_xmalloc=yes
ac_cv_lib_pcre_pcre_config=yes
ac_cv_lib_z_inflate=yes
ac_cv_objext=o
ac_cv_path_CAMLIDL=/home/bambool/.opam/4.00.1/bin/camlidl
ac_cv_path_CAMLP4=/home/bambool/.opam/4.00.1/bin/camlp4
ac_cv_path_CAMLP4O=/home/bambool/.opam/4.00.1/bin/camlp4o
ac_cv_path_CAMLP4OF=/home/bambool/.opam/4.00.1/bin/camlp4of
ac_cv_path_CAMLP4R=/home/bambool/.opam/4.00.1/bin/camlp4r
ac_cv_path_EGREP='/bin/grep -E'
ac_cv_path_GREP=/bin/grep
ac_cv_path_OCAMLC=/home/bambool/.opam/4.00.1/bin/ocamlc
ac_cv_path_OCAMLC_OPT=/home/bambool/.opam/4.00.1/bin/ocamlc.opt
ac_cv_path_OCAMLDEP=/home/bambool/.opam/4.00.1/bin/ocamldep
ac_cv_path_OCAMLDEP_OPT=/home/bambool/.opam/4.00.1/bin/ocamldep.opt
ac_cv_path_OCAMLDOC=/home/bambool/.opam/4.00.1/bin/ocamldoc
ac_cv_path_OCAMLDOC_OPT=/home/bambool/.opam/4.00.1/bin/ocamldoc.opt
ac_cv_path_OCAMLFIND=/home/bambool/.opam/4.00.1/bin/ocamlfind
ac_cv_path_OCAMLLEX=/home/bambool/.opam/4.00.1/bin/ocamllex
ac_cv_path_OCAMLLEX_OPT=/home/bambool/.opam/4.00.1/bin/ocamllex.opt
ac_cv_path_OCAMLMKLIB=/home/bambool/.opam/4.00.1/bin/ocamlmklib
ac_cv_path_OCAMLMKTOP=/home/bambool/.opam/4.00.1/bin/ocamlmktop
ac_cv_path_OCAMLOPT=/home/bambool/.opam/4.00.1/bin/ocamlopt
ac_cv_path_OCAMLOPT_OPT=/home/bambool/.opam/4.00.1/bin/ocamlopt.opt
ac_cv_path_OCAMLYACC=/home/bambool/.opam/4.00.1/bin/ocamlyacc
ac_cv_path_install='/usr/bin/install -c'
ac_cv_path_mkdir=/bin/mkdir
ac_cv_prog_AWK=gawk
ac_cv_prog_CPP='gcc -E'
ac_cv_prog_ac_ct_CC=gcc
ac_cv_prog_ac_ct_CXX=g++
ac_cv_prog_ac_ct_RANLIB=ranlib
ac_cv_prog_cc_c89=
ac_cv_prog_cc_g=yes
ac_cv_prog_cxx_g=yes
ac_cv_prog_make_make_set=yes
am_cv_CC_dependencies_compiler_type=gcc3
am_cv_CXX_dependencies_compiler_type=gcc3

## ----------------- ##
## Output variables. ##
## ----------------- ##

ACLOCAL='${SHELL} /home/bambool/loop/missing --run aclocal-1.11'
AMDEPBACKSLASH='\'
AMDEP_FALSE='#'
AMDEP_TRUE=''
AMTAR='$${TAR-tar}'
ARCH_X64='false'
ASMIR_DIR='/home/bambool/loop/libasmir'
AUTOCONF='${SHELL} /home/bambool/loop/missing --run autoconf'
AUTOHEADER='${SHELL} /home/bambool/loop/missing --run autoheader'
AUTOMAKE='${SHELL} /home/bambool/loop/missing --run automake-1.11'
AWK='gawk'
BAP_DIR='/home/bambool/loop'
BUILD_LIBTRACE32='false'
CAMLIDL='/home/bambool/.opam/4.00.1/bin/camlidl'
CAMLP4='/home/bambool/.opam/4.00.1/bin/camlp4'
CAMLP4O='/home/bambool/.opam/4.00.1/bin/camlp4o'
CAMLP4OF='/home/bambool/.opam/4.00.1/bin/camlp4of'
CAMLP4R='/home/bambool/.opam/4.00.1/bin/camlp4r'
CC='gcc'
CCDEPMODE='depmode=gcc3'
CFLAGS='-g -O2'
CPP='gcc -E'
CPPFLAGS=''
CXX='g++'
CXXDEPMODE='depmode=gcc3'
CXXFLAGS='-g -O2'
CYGPATH_W='echo'
DEFS=''
DEPDIR='.deps'
ECHO_C=''
ECHO_N='-n'
ECHO_T=''
EGREP='/bin/grep -E'
EXEEXT=''
GREP='/bin/grep'
HAVE_ETAGS_FALSE='#'
HAVE_ETAGS_TRUE=''
HAVE_LLVM_AC='no'
HAVE_PIN_FALSE=''
HAVE_PIN_TRUE='#'
INCDIRS=''
INSTALL_DATA='${INSTALL} -m 644'
INSTALL_PROGRAM='${INSTALL}'
INSTALL_SCRIPT='${INSTALL}'
INSTALL_STRIP_PROGRAM='$(install_sh) -c -s'
LDFLAGS=''
LIBOBJS=''
LIBS='-lz -lpcre -liberty -lbfd '
LLVM_PACKAGE=''
LLVM_PPFLAGS=''
LTLIBOBJS=''
MAKEINFO='${SHELL} /home/bambool/loop/missing --run makeinfo'
MKDIR_P='/bin/mkdir -p'
OBJEXT='o'
OCAMLC='/home/bambool/.opam/4.00.1/bin/ocamlc.opt'
OCAMLC_OPT='/home/bambool/.opam/4.00.1/bin/ocamlc.opt'
OCAMLDEP='/home/bambool/.opam/4.00.1/bin/ocamldep.opt'
OCAMLDEP_OPT='/home/bambool/.opam/4.00.1/bin/ocamldep.opt'
OCAMLDOC='/home/bambool/.opam/4.00.1/bin/ocamldoc.opt'
OCAMLDOC_OPT='/home/bambool/.opam/4.00.1/bin/ocamldoc.opt'
OCAMLFIND='/home/bambool/.opam/4.00.1/bin/ocamlfind'
OCAMLLEX='/home/bambool/.opam/4.00.1/bin/ocamllex.opt'
OCAMLLEX_OPT='/home/bambool/.opam/4.00.1/bin/ocamllex.opt'
OCAMLMKLIB='/home/bambool/.opam/4.00.1/bin/ocamlmklib'
OCAMLMKTOP='/home/bambool/.opam/4.00.1/bin/ocamlmktop'
OCAMLOPT='/home/bambool/.opam/4.00.1/bin/ocamlopt.opt'
OCAMLOPT_OPT='/home/bambool/.opam/4.00.1/bin/ocamlopt.opt'
OCAMLYACC='/home/bambool/.opam/4.00.1/bin/ocamlyacc'
PACKAGE='bap'
PACKAGE_BUGREPORT='bap-dev@lists.andrew.cmu.edu'
PACKAGE_NAME='Bap'
PACKAGE_STRING='Bap 0.8'
PACKAGE_TARNAME='bap'
PACKAGE_URL=''
PACKAGE_VERSION='0.8'
PATH_SEPARATOR=':'
PIN_ROOT='/home/bambool/loop/pin'
RANLIB='ranlib'
SET_MAKE=''
SHELL='/bin/bash'
STRIP=''
VERSION='0.8'
ac_ct_CC='gcc'
ac_ct_CXX='g++'
am__EXEEXT_FALSE=''
am__EXEEXT_TRUE=''
am__fastdepCC_FALSE='#'
am__fastdepCC_TRUE=''
am__fastdepCXX_FALSE='#'
am__fastdepCXX_TRUE=''
am__include='include'
am__isrc=''
am__leading_dot='.'
am__nodep='_no'
am__quote=''
am__tar='$${TAR-tar} chof - "$$tardir"'
am__untar='$${TAR-tar} xf -'
bindir='${exec_prefix}/bin'
build='i686-pc-linux-gnu'
build_alias=''
build_cpu='i686'
build_os='linux-gnu'
build_vendor='pc'
datadir='${datarootdir}'
datarootdir='${prefix}/share'
docdir='${datarootdir}/doc/${PACKAGE_TARNAME}'
dvidir='${docdir}'
exec_prefix='NONE'
host='i686-pc-linux-gnu'
host_alias=''
host_cpu='i686'
host_os='linux-gnu'
host_vendor='pc'
htmldir='${docdir}'
includedir='${prefix}/include'
infodir='${datarootdir}/info'
install_sh='${SHELL} /home/bambool/loop/install-sh'
libdir='${exec_prefix}/lib'
libexecdir='${exec_prefix}/libexec'
localedir='${datarootdir}/locale'
localstatedir='${prefix}/var'
mandir='${datarootdir}/man'
mkdir_p='/bin/mkdir -p'
oldincludedir='/usr/include'
pdfdir='${docdir}'
prefix='NONE'
program_transform_name='s,x,x,'
psdir='${docdir}'
sbindir='${exec_prefix}/sbin'
sharedstatedir='${prefix}/com'
subdirs=''
sysconfdir='${prefix}/etc'
target_alias=''

configure: caught signal 1
configure: exit 1
