This file contains any messages produced by compilers while
running configure, to aid debugging if configure makes a mistake.

It was created by configure, which was
generated by GNU Autoconf 2.68.  Invocation command line was

  $ ./configure --disable-option-checking --prefix=/usr/local --cache-file=/dev/null --srcdir=.

## --------- ##
## Platform. ##
## --------- ##

hostname = bambool-VirtualBox
uname -m = i686
uname -r = 3.13.0-32-generic
uname -s = Linux
uname -v = #57~precise1-Ubuntu SMP Tue Jul 15 03:50:54 UTC 2014

/usr/bin/uname -p = unknown
/bin/uname -X     = unknown

/bin/arch              = unknown
/usr/bin/arch -k       = unknown
/usr/convex/getsysinfo = unknown
/usr/bin/hostinfo      = unknown
/bin/machine           = unknown
/usr/bin/oslevel       = unknown
/bin/universe          = unknown

PATH: /home/bambool/.opam/3.12.1/bin
PATH: /home/bambool/ocamlbrew/ocaml-svn/release/4.00.1/bin
PATH: /home/bambool/ocamlbrew/ocaml-svn/release/3.12.1/bin
PATH: /home/bambool/ocamlbrew/ocaml-svn/release/3.12.1/bin
PATH: /opt/glibc-2.17/bin/
PATH: /home/bambool/ocamlbrew/ocaml-svn/release/3.12.1/bin
PATH: /home/bambool/ocamlbrew/ocaml-svn/release/3.12.1/bin
PATH: /home/bambool/ocamlbrew/ocaml-svn/release/3.12.1/bin
PATH: /home/bambool/ocamlbrew/ocaml-svn/release/3.12.1/bin
PATH: /usr/lib/lightdm/lightdm
PATH: /usr/local/sbin
PATH: /usr/local/bin
PATH: /usr/sbin
PATH: /usr/bin
PATH: /sbin
PATH: /bin
PATH: /usr/games


## ----------- ##
## Core tests. ##
## ----------- ##

configure:1673: checking for ocamlc
configure:1689: found /home/bambool/.opam/3.12.1/bin/ocamlc
configure:1701: result: ocamlc
configure:1734: checking for ocamlopt
configure:1750: found /home/bambool/.opam/3.12.1/bin/ocamlopt
configure:1762: result: ocamlopt
configure:1775: checking ocamlopt version
configure:1783: result: ok
configure:1792: checking for ocamlc.opt
configure:1808: found /home/bambool/.opam/3.12.1/bin/ocamlc.opt
configure:1820: result: ocamlc.opt
configure:1829: checking ocamlc.opt version
configure:1836: result: ok
configure:1846: checking for ocamlopt.opt
configure:1862: found /home/bambool/.opam/3.12.1/bin/ocamlopt.opt
configure:1874: result: ocamlopt.opt
configure:1883: checking ocamlc.opt version
configure:1890: result: ok
configure:1900: checking for ocamldep
configure:1916: found /home/bambool/.opam/3.12.1/bin/ocamldep
configure:1928: result: ocamldep
configure:1942: checking for ocamllex
configure:1958: found /home/bambool/.opam/3.12.1/bin/ocamllex
configure:1970: result: ocamllex
configure:1983: checking for ocamllex.opt
configure:1999: found /home/bambool/.opam/3.12.1/bin/ocamllex.opt
configure:2011: result: ocamllex.opt
configure:2026: checking for ocamlyacc
configure:2042: found /home/bambool/.opam/3.12.1/bin/ocamlyacc
configure:2054: result: ocamlyacc
configure:2068: checking for ocamldoc
configure:2084: found /home/bambool/.opam/3.12.1/bin/ocamldoc
configure:2096: result: ocamldoc
configure:2110: checking for ocamldoc.opt
configure:2126: found /home/bambool/.opam/3.12.1/bin/ocamldoc.opt
configure:2138: result: ocamldoc.opt
configure:2153: checking for ocamlweb
configure:2181: result: true
configure:2192: checking for ocamlfind
configure:2208: found /home/bambool/.opam/3.12.1/bin/ocamlfind
configure:2219: result: ocamlfind
configure:2265: checking for /home/bambool/.opam/3.12.1/lib/ocaml/lablgtk2/lablgtk.cmxa
configure:2279: result: no
configure:2319: checking Win32 platform
configure:2328: result: no
configure:2339: WARNING: lablgnomecanvas not found: the graph editor and view_graph will not be compiled
configure:2515: creating ./config.status

## ---------------------- ##
## Running config.status. ##
## ---------------------- ##

This file was extended by config.status, which was
generated by GNU Autoconf 2.68.  Invocation command line was

  CONFIG_FILES    = 
  CONFIG_HEADERS  = 
  CONFIG_LINKS    = 
  CONFIG_COMMANDS = 
  $ ./config.status 

on bambool-VirtualBox

config.status:745: creating Makefile

## ---------------- ##
## Cache variables. ##
## ---------------- ##

ac_cv_env_build_alias_set=
ac_cv_env_build_alias_value=
ac_cv_env_host_alias_set=
ac_cv_env_host_alias_value=
ac_cv_env_target_alias_set=
ac_cv_env_target_alias_value=
ac_cv_file__home_bambool__opam_3_12_1_lib_ocaml_lablgtk2_lablgtk_cmxa=no
ac_cv_prog_OCAMLC=ocamlc
ac_cv_prog_OCAMLCDOTOPT=ocamlc.opt
ac_cv_prog_OCAMLDEP=ocamldep
ac_cv_prog_OCAMLDOC=ocamldoc
ac_cv_prog_OCAMLDOCOPT=ocamldoc.opt
ac_cv_prog_OCAMLFIND=ocamlfind
ac_cv_prog_OCAMLLEX=ocamllex
ac_cv_prog_OCAMLLEXDOTOPT=ocamllex.opt
ac_cv_prog_OCAMLOPT=ocamlopt
ac_cv_prog_OCAMLOPTDOTOPT=ocamlopt.opt
ac_cv_prog_OCAMLWEB=true
ac_cv_prog_OCAMLYACC=ocamlyacc

## ----------------- ##
## Output variables. ##
## ----------------- ##

DEFS='-DPACKAGE_NAME=\"\" -DPACKAGE_TARNAME=\"\" -DPACKAGE_VERSION=\"\" -DPACKAGE_STRING=\"\" -DPACKAGE_BUGREPORT=\"\" -DPACKAGE_URL=\"\"'
ECHO_C=''
ECHO_N='-n'
ECHO_T=''
EXE=''
INCLUDEGTK2=''
LABLGNOMECANVAS='no'
LABLGTK2='no'
LIBEXT='.a'
LIBOBJS=''
LIBS=''
LTLIBOBJS=''
OBJEXT='.o'
OCAMLBEST='opt'
OCAMLC='ocamlc.opt'
OCAMLCDOTOPT='ocamlc.opt'
OCAMLDEP='ocamldep'
OCAMLDOC='ocamldoc.opt'
OCAMLDOCOPT='ocamldoc.opt'
OCAMLFIND='ocamlfind'
OCAMLLEX='ocamllex.opt'
OCAMLLEXDOTOPT='ocamllex.opt'
OCAMLLIB='/home/bambool/.opam/3.12.1/lib/ocaml'
OCAMLOPT='ocamlopt.opt'
OCAMLOPTDOTOPT='ocamlopt.opt'
OCAMLVERSION='3.12.1'
OCAMLWEB='true'
OCAMLWIN32='no'
OCAMLYACC='ocamlyacc'
PACKAGE_BUGREPORT=''
PACKAGE_NAME=''
PACKAGE_STRING=''
PACKAGE_TARNAME=''
PACKAGE_URL=''
PACKAGE_VERSION=''
PATH_SEPARATOR=':'
SHELL='/bin/bash'
bindir='${exec_prefix}/bin'
build_alias=''
datadir='${datarootdir}'
datarootdir='${prefix}/share'
docdir='${datarootdir}/doc/${PACKAGE}'
dvidir='${docdir}'
exec_prefix='${prefix}'
host_alias=''
htmldir='${docdir}'
includedir='${prefix}/include'
infodir='${datarootdir}/info'
libdir='${exec_prefix}/lib'
libexecdir='${exec_prefix}/libexec'
localedir='${datarootdir}/locale'
localstatedir='${prefix}/var'
mandir='${datarootdir}/man'
oldincludedir='/usr/include'
pdfdir='${docdir}'
prefix='/usr/local'
program_transform_name='s,x,x,'
psdir='${docdir}'
sbindir='${exec_prefix}/sbin'
sharedstatedir='${prefix}/com'
sysconfdir='${prefix}/etc'
target_alias=''

## ----------- ##
## confdefs.h. ##
## ----------- ##

/* confdefs.h */
#define PACKAGE_NAME ""
#define PACKAGE_TARNAME ""
#define PACKAGE_VERSION ""
#define PACKAGE_STRING ""
#define PACKAGE_BUGREPORT ""
#define PACKAGE_URL ""

configure: exit 0
